-------------------------------------------------------------------------------------------------------------------------------------------------------
      name:  <unnamed>
       log:  C:\Users\JOEL\Desktop\research assistant\Project_02\DataWork\D_Results/03-downlonding_data_International_Merchandise_trade-2022-01-16_1.lo
> g
  log type:  text
 opened on:  16 Jan 2022, 10:06:47

.         local today "`c(current_time)'"

.         local curdir "`c(pwd)'"

.         local newn = c(N) + 1

. 
. ********************************************************************************
. *** PART 2: Dowloading
. ********************************************************************************
.         a
command a is unrecognized
r(199);

end of do-file

r(199);

. do "c:\users\joel\appdata\local\temp\st_stata_temp.tmp"

.         import delimited "${rawdata_3_1}/International_Merchandise_trade/US_TradeMatrix_Part1_ST202109291451_v1.csv", ///
>                 colrange(:3) rowrange(8) clear
(encoding automatically selected: ISO-8859-1)
(3 vars, 383,503,411 obs)

. 
end of do-file

. 

. do "c:\users\joel\appdata\local\temp\st_stata_temp.tmp"

.         import delimited "${rawdata_3_1}/International_Merchandise_trade/US_TradeMatrix_Part1_ST202109291451_v1.csv", ///
>                 colrange(:11) rowrange(1048576) clear
(encoding automatically selected: ISO-8859-1)
