-------------------------------------------------------------------------------------------------------------------------------------------------------
      name:  <unnamed>
       log:  C:\Users\JOEL\Desktop\research assistant\Project_02\DataWork\D_Results/04-45ยบ_line_index-2022-01-17_1.log
  log type:  text
 opened on:  17 Jan 2022, 22:15:25

.         local today "`c(current_time)'"

.         local curdir "`c(pwd)'"

.         local newn = c(N) + 1

. 
. ********************************************************************************
. *** PART 2: Cleaning database
. ********************************************************************************
. 
. *** 2.1 Cleaning
.         use "${rawdata_2_1}/main-data_all-countries_15Oct2020 165731.dta", clear

. 
.         keep year country gdppgrowth ASL_UEM_TOTL_ZS gini_disp cgrowth AFD_AST_PRVT_GD_ZS

. 
.         replace country="Bahamas" if country=="Bahamas, The"
(65 real changes made)

. 
.         local center `" "Belize", "Costa Rica", "El Salvador", "Guatemala", "Honduras", "Nicaragua", "Panama" "'

.         local cabba1 `" "Antigua and Barbuda", "Bahamas", "Barbados", "Cuba", "Dominica", "Haiti", "Jamaica", "Dominican Republic" "'

.         local cabba2 `" "St. Kitts and Nevis", "St. Lucia", "St. Vincent and the Grenadines", "Trinidad and Tobago" "'

.         keep if inlist(country, `center') | inlist(country, `cabba1') | inlist(country, `cabba2')
(12,335 observations deleted)

. 
.         /*
>         Latin America & Caribbean
>         local group1 `" "Antigua and Barbuda", "Argentina", "Aruba", "The Bahamas", "Barbados", "Belize", "Bolivia", "Brazil", "Cayman Islands" "'
>         local group2 `" "Costa Rica", "Cuba", "Dominica", "Dominican Republic", "Ecuador", "El Salvador", "Grenada", "Guatemala", "Guyana" "'
>         local group3 `" "Jamaica" , "Mexico", "Nicaragua", "Panama", "Paraguay", "Peru", "Puerto Rico", "St. Kitts and Nevis" "'
>         local group4 `" "Suriname" , "Trinidad and Tobago", "Turks and Caicos Islands", "Uruguay", "Venezuela", "Venezuela, RB" "'
>         local group5 `" "Colombia", "Honduras", "St. Lucia" , "St. Vincent and the Grenadines", "Virgin Islands (U.S.)", "Chile", "Haiti" "'
>         keep if inlist(country, `group1') | inlist(country, `group2') | inlist(country, `group3') | inlist(country, `group4') | inlist(country, `grou
> p5')
>         */
. 
.         drop if year<1980 | year>2018
(494 observations deleted)

.         encode country, gen(country_id)

. 
.         order year country country_id

. 
. *** 2.2 Declare time series
.         xtset country_id year, yearly

Panel variable: country_id (strongly balanced)
 Time variable: year, 1980 to 2018
         Delta: 1 year

. 
. 
. ********************************************************************************
. *** PART 3: Graphs
. ********************************************************************************
. 
. *** 3.1 
. 
.         local var `" "gini_disp" "ASL_UEM_TOTL_ZS" "gdppgrowth" "cgrowth" "AFD_AST_PRVT_GD_ZS" "'

.         local numb `" "35 55" "0 25" "-2 -2 -2 6 6 6 -2 -2" "-2 -2 -2 6 6 6 -2 -2" "0 0 0 80 80 80 0 0" "'

.         local title `" "Gini (household) disposable income" "Unemployment, total" "GDP per capita growth" "Consumption annual change" "Domestic credi
> t to private sector by banks" "'

.         local subti `" "(post-tax, post-transfer)" "(% of total labor force) (modeled ILO estimate)" "(annual %)" " " "(% of GDP)" "'

. 
.                 local id_1 `" "Costa Rica", "Trinidad and Tobago", "Honduras", "Guyana", "Puerto Rico", "St. Kitts and Nevis", "St. Lucia" "' // gini
> _disp

.                 local id_2 `" "Guatemala", "Mexico", "Honduras", "Costa Rica", "Chile", "Brazil", "Haiti", "St. Lucia", "Bahamas" "' // ASL_UEM_TOTL_
> ZS

.                 local id_3 `" "Mexico", "Jamaica", "Barbados", "Bahamas", "Chile", "Puerto Rico", "Grenada", "Belize", "Dominica" "'  // gdppgrowth: 

.                 local id_4 `" "Suriname", "Barbados", "Venezuela, RB", "St. Lucia", "Dominica", "Mexico", "Haiti", "Puerto Rico", "Jamaica" "' // cgr
> owth:

.                 local id_5 `" "Argentina", "Uruguay", "Brazil", "Dominican Republic", "Suriname", "Venezuela, RB" "' // AFD_AST_PRVT_GD_ZS

.                 local ids  "id_1 id_2 id_3 id_4 id_5"

.                 local list1 = subinstr("`ids'", "!", " ", .)

. 
.                         local id_32 `" "Antigua and Barbuda", "Aruba", "St. Kitts and Nevis", "St. Vincent and the Grenadines", "St. Lucia" "' // gdp
> pgrowth: 

.                         local id_42 `" "Bahamas", "St. Kitts and Nevis", "Belize", "Paraguay", "Turks and Caicos Islands", "Antigua and Barbuda", "Ca
> yman Islands", "Aruba" "' // cgrowth:

. 
.         forval n = 1/5 {
  2.                 local a: word `n' of `var'
  3.                 local b: word `n' of `numb'
  4.                 local c: word `n' of `title'
  5.                 local d: word `n' of `subti'
  6.                 local e: word `n' of `list1'
  7.                 
.                 preserve
  8.                         drop if year>2000
  9.                         collapse (mean) `a', by(country_id)
 10.                         rename `a' `a'_80_00
 11.                         tempfile local_`a'_80_00
 12.                         save `local_`a'_80_00'
 13.                 restore
 14. 
.                 preserve
 15.                         drop if year<2001
 16.                         collapse (mean) `a', by(country_id)
 17.                         rename `a' `a'_01_18
 18.                         tempfile local_`a'_01_18
 19.                         save `local_`a'_01_18'
 20. 
.                         use `local_`a'_80_00', clear
 21.                         merge 1:1 country_id using `local_`a'_01_18', nogen
 22.                         decode country_id, gen(country)
 23. 
.                         if `n'<=2 {
 24.                                 gen `a'_id = 1 if inlist(country, ``e'')
 25. 
.                                 two (function y=x, range(`b') recast(area) horizontal color(red%8))                                                  
>               ///
>                                         (scatter `a'_01_18 `a'_80_00 if `a'_id==., msymbol(o) mla(country_id) /*mlabv(country_id)*/ color(grey%70) ml
> abcolor(grey%70)) ///
>                                         (scatter `a'_01_18 `a'_80_00 if `a'_id==1, msymbol(o) mla(country_id) /*mlabv(country_id)*/ color(red) mlabco
> lor(red)),        ///
>                                                 legend(off) scale(0.6) title("`c'") subtitle("`d'") xtitle("Average 1980-2000") ytitle("Average 2001-
> 2018")        ///
>                                                 note(Fuente: Freddy's database) ysize(4) xsize(8)
 26.                                 graph export "${outputf_4_1}/`a'_45.pdf", replace  
 27.                         }
 28. 
.                        else if `n'==3 {
 29.                                 gen `a'_id = 0 if inlist(country, ``e'') | inlist(country, `id_32')
 30. 
.                                 two (scatteri `b', recast(area) horizontal color(red%8))                                                             
>               ///
>                                         (scatter `a'_01_18 `a'_80_00 if `a'_id==0, msymbol(o) mla(country_id) /*mlabv(country_id)*/ color(grey%70) ml
> abcolor(grey%70)) ///
>                                         (scatter `a'_01_18 `a'_80_00 if `a'_id==., msymbol(o) mla(country_id) /*mlabv(country_id)*/ color(red) mlabco
> lor(red)),        ///
>                                                 legend(off) scale(0.6) title("`c'") subtitle("`d'") xtitle("Average 1980-2000") ytitle("Average 2001-
> 2018")        ///
>                                                 note(Fuente: Freddy's database) ysize(4) xsize(8)
 31.                                 graph export "${outputf_4_1}/`a'_45.pdf", replace  
 32.                         }
 33. 
.                         else if `n'==4 {
 34.                                 gen `a'_id = 0 if inlist(country, ``e'') | inlist(country, `id_42')
 35. 
.                                 two (scatteri `b', recast(area) horizontal color(red%8))                                                             
>               ///
>                                         (scatter `a'_01_18 `a'_80_00 if `a'_id==0, msymbol(o) mla(country_id) /*mlabv(country_id)*/ color(grey%70) ml
> abcolor(grey%70)) ///
>                                         (scatter `a'_01_18 `a'_80_00 if `a'_id==., msymbol(o) mla(country_id) /*mlabv(country_id)*/ color(red) mlabco
> lor(red)),        ///
>                                                 legend(off) scale(0.6) title("`c'") subtitle("`d'") xtitle("Average 1980-2000") ytitle("Average 2001-
> 2018")        ///
>                                                 note(Fuente: Freddy's database) ysize(4) xsize(8) xlabel(-2(2)8)
 36.                                 graph export "${outputf_4_1}/`a'_45.pdf", replace  
 37.                         }
 38. 
.                         else {
 39.                                 gen `a'_id = 0 if inlist(country, ``e'')
 40. 
.                                 two (scatteri `b', recast(area) horizontal color(red%8))                                                             
>               ///
>                                         (scatter `a'_01_18 `a'_80_00 if `a'_id==0, msymbol(o) mla(country_id) /*mlabv(country_id)*/ color(grey%70) ml
> abcolor(grey%70)) ///
>                                         (scatter `a'_01_18 `a'_80_00 if `a'_id==., msymbol(o) mla(country_id) /*mlabv(country_id)*/ color(red) mlabco
> lor(red)),        ///
>                                                 legend(off) scale(0.6) title("`c'") subtitle("`d'") xtitle("Average 1980-2000") ytitle("Average 2001-
> 2018")        ///
>                                                 note(Fuente: Freddy's database) ysize(4) xsize(8)
 41.                                 graph export "${outputf_4_1}/`a'_45.pdf", replace  
 42.                         }
 43.                 restore
 44.         }
(342 observations deleted)
file C:\Users\JOEL\AppData\Local\Temp\ST_1bcc_000002.tmp saved as .dta format
(399 observations deleted)
file C:\Users\JOEL\AppData\Local\Temp\ST_1bcc_000004.tmp saved as .dta format
(label country_id already defined)

    Result                      Number of obs
    -----------------------------------------
    Not matched                             0
    Matched                                19  
    -----------------------------------------
(14 missing values generated)
(note:  named style grey not found in class color, default attributes used)
(note:  named style grey not found in class color, default attributes used)
(note:  named style grey not found in class color, default attributes used)
(note:  named style grey not found in class color, default attributes used)
(note:  named style grey not found in class color, default attributes used)
(note:  named style grey not found in class color, default attributes used)
file C:\Users\JOEL\Desktop\research assistant\Project_02\DataWork\F_Figures/04-graphs/gini_disp_45.pdf saved as PDF format
(342 observations deleted)
file C:\Users\JOEL\AppData\Local\Temp\ST_1bcc_000006.tmp saved as .dta format
(399 observations deleted)
file C:\Users\JOEL\AppData\Local\Temp\ST_1bcc_000008.tmp saved as .dta format
(label country_id already defined)

    Result                      Number of obs
    -----------------------------------------
    Not matched                             0
    Matched                                19  
    -----------------------------------------
(13 missing values generated)
(note:  named style grey not found in class color, default attributes used)
(note:  named style grey not found in class color, default attributes used)
(note:  named style grey not found in class color, default attributes used)
(note:  named style grey not found in class color, default attributes used)
(note:  named style grey not found in class color, default attributes used)
(note:  named style grey not found in class color, default attributes used)
file C:\Users\JOEL\Desktop\research assistant\Project_02\DataWork\F_Figures/04-graphs/ASL_UEM_TOTL_ZS_45.pdf saved as PDF format
(342 observations deleted)
file C:\Users\JOEL\AppData\Local\Temp\ST_1bcc_00000a.tmp saved as .dta format
(399 observations deleted)
file C:\Users\JOEL\AppData\Local\Temp\ST_1bcc_00000c.tmp saved as .dta format
(label country_id already defined)

    Result                      Number of obs
    -----------------------------------------
    Not matched                             0
    Matched                                19  
    -----------------------------------------
(10 missing values generated)
(note:  named style grey not found in class color, default attributes used)
(note:  named style grey not found in class color, default attributes used)
(note:  named style grey not found in class color, default attributes used)
(note:  named style grey not found in class color, default attributes used)
(note:  named style grey not found in class color, default attributes used)
(note:  named style grey not found in class color, default attributes used)
file C:\Users\JOEL\Desktop\research assistant\Project_02\DataWork\F_Figures/04-graphs/gdppgrowth_45.pdf saved as PDF format
(342 observations deleted)
file C:\Users\JOEL\AppData\Local\Temp\ST_1bcc_00000e.tmp saved as .dta format
(399 observations deleted)
file C:\Users\JOEL\AppData\Local\Temp\ST_1bcc_00000g.tmp saved as .dta format
(label country_id already defined)

    Result                      Number of obs
    -----------------------------------------
    Not matched                             0
    Matched                                19  
    -----------------------------------------
(10 missing values generated)
(note:  named style grey not found in class color, default attributes used)
(note:  named style grey not found in class color, default attributes used)
(note:  named style grey not found in class color, default attributes used)
(note:  named style grey not found in class color, default attributes used)
(note:  named style grey not found in class color, default attributes used)
(note:  named style grey not found in class color, default attributes used)
file C:\Users\JOEL\Desktop\research assistant\Project_02\DataWork\F_Figures/04-graphs/cgrowth_45.pdf saved as PDF format
(342 observations deleted)
file C:\Users\JOEL\AppData\Local\Temp\ST_1bcc_00000i.tmp saved as .dta format
(399 observations deleted)
file C:\Users\JOEL\AppData\Local\Temp\ST_1bcc_00000k.tmp saved as .dta format
(label country_id already defined)

    Result                      Number of obs
    -----------------------------------------
    Not matched                             0
    Matched                                19  
    -----------------------------------------
(18 missing values generated)
(note:  named style grey not found in class color, default attributes used)
(note:  named style grey not found in class color, default attributes used)
(note:  named style grey not found in class color, default attributes used)
(note:  named style grey not found in class color, default attributes used)
(note:  named style grey not found in class color, default attributes used)
(note:  named style grey not found in class color, default attributes used)
file C:\Users\JOEL\Desktop\research assistant\Project_02\DataWork\F_Figures/04-graphs/AFD_AST_PRVT_GD_ZS_45.pdf saved as PDF format

. 
. ********************************************************************************
. *** PART 4: Closing log file
. ********************************************************************************
.     log close
      name:  <unnamed>
       log:  C:\Users\JOEL\Desktop\research assistant\Project_02\DataWork\D_Results/04-45ยบ_line_index-2022-01-17_1.log
  log type:  text
 closed on:  17 Jan 2022, 22:15:29
-------------------------------------------------------------------------------------------------------------------------------------------------------
